#
# A fatal error has been detected by the Java Runtime Environment:
#
#  EXCEPTION_ACCESS_VIOLATION (0xc0000005) at pc=0x00007fff3c1d365d, pid=24088, tid=24876
#
# JRE version: OpenJDK Runtime Environment (11.0+28) (build 11+28)
# Java VM: OpenJDK 64-Bit Server VM (11+28, mixed mode, tiered, compressed oops, g1 gc, windows-amd64)
# Problematic frame:
# V  [jvm.dll+0x66365d]
#
# No core dump will be written. Minidumps are not enabled by default on client versions of Windows
#
# If you would like to submit a bug report, please visit:
#   http://bugreport.java.com/bugreport/crash.jsp
#

---------------  S U M M A R Y ------------

Command Line: -Dcom.sun.management.jmxremote -Dcom.sun.management.jmxremote.port=64338 -Dcom.sun.management.jmxremote.authenticate=false -Dcom.sun.management.jmxremote.ssl=false -Djava.rmi.server.hostname=localhost -Dspring.application.admin.enabled=true -Dspring.jmx.enabled=true -Dspring.boot.project.name=amitravel com.amitravel.AmitravelApplication --spring.profiles.active=dev

Host: 11th Gen Intel(R) Core(TM) i5-1135G7 @ 2.40GHz, 8 cores, 15G,  Windows 10 , 64 bit Build 22000 (10.0.22000.708)
Time: Mon Jun 27 23:31:26 2022 Hora de verano central (México) elapsed time: 4 seconds (0d 0h 0m 4s)

---------------  T H R E A D  ---------------

Current thread (0x000002c6710d7800):  VMThread "VM Thread" [stack: 0x000000ff82f00000,0x000000ff83000000] [id=24876]

Stack: [0x000000ff82f00000,0x000000ff83000000],  sp=0x000000ff82ffefd0,  free space=1019k
Native frames: (J=compiled Java code, j=interpreted, Vv=VM code, C=native code)
V  [jvm.dll+0x66365d]
V  [jvm.dll+0x663c0a]
V  [jvm.dll+0x373ff9]
V  [jvm.dll+0x77ff42]
V  [jvm.dll+0x78054c]
V  [jvm.dll+0x77ea07]
V  [jvm.dll+0x77f230]
V  [jvm.dll+0x77f53f]
V  [jvm.dll+0x639e42]
C  [ucrtbase.dll+0x26c0c]
C  [KERNEL32.DLL+0x154e0]
C  [ntdll.dll+0x485b]


siginfo: EXCEPTION_ACCESS_VIOLATION (0xc0000005), reading address 0x0000000c00000013


Register to memory mapping:

RIP=0x00007fff3c1d365d jvm.dll
RAX=0x0000000000000001 is an unknown value
RBX=0x0000000c0000000b is an unknown value
RCX=0x000002c64b6b0000 points into unknown readable memory
RDX=0x000002c64b6b0000 points into unknown readable memory
RSP=0x000000ff82ffefd0 points into unknown readable memory
RBP=0x0 is NULL
RSI=0x0000000000000003 is an unknown value
RDI=0x000002c67245a3d0 points into unknown readable memory
R8 =0x000002c67255c5a0 points into unknown readable memory
R9 =0x0000000000000001 is an unknown value
R10=0x000002c64b590cc0 points into unknown readable memory
R11=0x000000ff82ffef30 points into unknown readable memory
R12=0x00007fff3c3bbff8 jvm.dll
R13=0x000000ff829fee50 is pointing into the stack for thread: 0x000002c64d93e000
R14=0x000002c6710d7800 points into unknown readable memory
R15=0x000002c6710cd508 points into unknown readable memory


Registers:
RAX=0x0000000000000001, RBX=0x0000000c0000000b, RCX=0x000002c64b6b0000, RDX=0x000002c64b6b0000
RSP=0x000000ff82ffefd0, RBP=0x0000000000000000, RSI=0x0000000000000003, RDI=0x000002c67245a3d0
R8 =0x000002c67255c5a0, R9 =0x0000000000000001, R10=0x000002c64b590cc0, R11=0x000000ff82ffef30
R12=0x00007fff3c3bbff8, R13=0x000000ff829fee50, R14=0x000002c6710d7800, R15=0x000002c6710cd508
RIP=0x00007fff3c1d365d, EFLAGS=0x0000000000010202

Top of Stack: (sp=0x000000ff82ffefd0)
0x000000ff82ffefd0:   00000000000000cd 00007fff00000000
0x000000ff82ffefe0:   ffffffffffffd8f0 000002c670fc1600
0x000000ff82ffeff0:   0000000000000010 00007fff3c1d3c0a
0x000000ff82fff000:   000002c6710d7800 000000000000001f
0x000000ff82fff010:   0000000000000003 000000ff82fff110
0x000000ff82fff020:   0000000000000000 00007fff3bee3ff9
0x000000ff82fff030:   000000ff82fff0d0 0000000000000003
0x000000ff82fff040:   0000000000000000 0000000000000003
0x000000ff82fff050:   0000000000000010 00007fff3c2eff42
0x000000ff82fff060:   000002c6710d7800 0000000000000003
0x000000ff82fff070:   0000000000000003 0000000000000000
0x000000ff82fff080:   000002c600000000 0000000000000000
0x000000ff82fff090:   0000000000000000 000002c6710d7800
0x000000ff82fff0a0:   000002c672471520 000002c671090100
0x000000ff82fff0b0:   0000000000000000 0000000000000000
0x000000ff82fff0c0:   000002c67538af00 000002c600000010 

Instructions: (pc=0x00007fff3c1d365d)
0x00007fff3c1d363d:   8b ce e8 3c a0 a5 ff 48 8b 3d 85 1a 42 00 48 8b
0x00007fff3c1d364d:   74 24 40 48 85 ff 74 39 48 8b 1f 48 85 db 74 29
0x00007fff3c1d365d:   48 83 7b 08 01 75 1a 48 8b 53 18 89 2b 48 85 d2
0x00007fff3c1d366d:   74 0f 39 6b 04 48 8b cb e8 86 e9 b8 ff 48 89 6b 


VM_Operation (0x000000ff829fee50): Exit, mode: safepoint, requested by thread 0x000002c64d93e000


---------------  P R O C E S S  ---------------

Threads class SMR info:
_java_thread_list=0x000002c672471520, length=16, elements={
0x000002c64d93e000, 0x000002c6710fd000, 0x000002c671106000, 0x000002c6719fc800,
0x000002c6719fd800, 0x000002c6719a4800, 0x000002c6719a7800, 0x000002c6719ac800,
0x000002c671b64800, 0x000002c671c03800, 0x000002c6724b7800, 0x000002c6724bd000,
0x000002c672581800, 0x000002c673359800, 0x000002c673fd5000, 0x000002c677d26800
}

Java Threads: ( => current thread )
  0x000002c64d93e000 JavaThread "main" [_thread_blocked, id=21400, stack(0x000000ff82900000,0x000000ff82a00000)]
  0x000002c6710fd000 JavaThread "Reference Handler" daemon [_thread_blocked, id=19892, stack(0x000000ff83000000,0x000000ff83100000)]
  0x000002c671106000 JavaThread "Finalizer" daemon [_thread_blocked, id=27768, stack(0x000000ff83100000,0x000000ff83200000)]
  0x000002c6719fc800 JavaThread "Signal Dispatcher" daemon [_thread_blocked, id=26164, stack(0x000000ff83200000,0x000000ff83300000)]
  0x000002c6719fd800 JavaThread "Attach Listener" daemon [_thread_blocked, id=22200, stack(0x000000ff83300000,0x000000ff83400000)]
  0x000002c6719a4800 JavaThread "C2 CompilerThread0" daemon [_thread_blocked, id=14696, stack(0x000000ff83400000,0x000000ff83500000)]
  0x000002c6719a7800 JavaThread "C1 CompilerThread0" daemon [_thread_blocked, id=23756, stack(0x000000ff83500000,0x000000ff83600000)]
  0x000002c6719ac800 JavaThread "Sweeper thread" daemon [_thread_blocked, id=14832, stack(0x000000ff83600000,0x000000ff83700000)]
  0x000002c671b64800 JavaThread "Common-Cleaner" daemon [_thread_blocked, id=21232, stack(0x000000ff83700000,0x000000ff83800000)]
  0x000002c671c03800 JavaThread "Service Thread" daemon [_thread_blocked, id=6040, stack(0x000000ff83800000,0x000000ff83900000)]
  0x000002c6724b7800 JavaThread "RMI TCP Accept-0" daemon [_thread_in_native, id=18600, stack(0x000000ff83900000,0x000000ff83a00000)]
  0x000002c6724bd000 JavaThread "RMI TCP Accept-64338" daemon [_thread_in_native, id=16612, stack(0x000000ff83a00000,0x000000ff83b00000)]
  0x000002c672581800 JavaThread "RMI TCP Accept-0" daemon [_thread_in_native, id=33208, stack(0x000000ff83b00000,0x000000ff83c00000)]
  0x000002c673359800 JavaThread "C2 CompilerThread1" daemon [_thread_blocked, id=4896, stack(0x000000ff83d00000,0x000000ff83e00000)]
  0x000002c673fd5000 JavaThread "C2 CompilerThread2" daemon [_thread_blocked, id=34752, stack(0x000000ff84600000,0x000000ff84700000)]
  0x000002c677d26800 JavaThread "mysql-cj-abandoned-connection-cleanup" daemon [_thread_blocked, id=3432, stack(0x000000ff84d00000,0x000000ff84e00000)]

Other Threads:
=>0x000002c6710d7800 VMThread "VM Thread" [stack: 0x000000ff82f00000,0x000000ff83000000] [id=24876]
  0x000002c64d955800 GCTaskThread "GC Thread#0" [stack: 0x000000ff82a00000,0x000000ff82b00000] [id=22228]
  0x000002c67316e000 GCTaskThread "GC Thread#1" [stack: 0x000000ff83e00000,0x000000ff83f00000] [id=34456]
  0x000002c67316f000 GCTaskThread "GC Thread#2" [stack: 0x000000ff83f00000,0x000000ff84000000] [id=30364]
  0x000002c67254e800 GCTaskThread "GC Thread#3" [stack: 0x000000ff84000000,0x000000ff84100000] [id=19944]
  0x000002c67254f000 GCTaskThread "GC Thread#4" [stack: 0x000000ff84100000,0x000000ff84200000] [id=21996]
  0x000002c67334f800 GCTaskThread "GC Thread#5" [stack: 0x000000ff84200000,0x000000ff84300000] [id=30140]
  0x000002c673935000 GCTaskThread "GC Thread#6" [stack: 0x000000ff84700000,0x000000ff84800000] [id=31160]
  0x000002c67346e800 GCTaskThread "GC Thread#7" [stack: 0x000000ff84800000,0x000000ff84900000] [id=21812]
  0x000002c64d9af800 ConcurrentGCThread "G1 Main Marker" [stack: 0x000000ff82b00000,0x000000ff82c00000] [id=16468]
  0x000002c64d9b1000 ConcurrentGCThread "G1 Conc#0" [stack: 0x000000ff82c00000,0x000000ff82d00000] [id=33664]
  0x000002c673df3800 ConcurrentGCThread "G1 Conc#1" [stack: 0x000000ff84900000,0x000000ff84a00000] [id=13808]
  0x000002c670fbe800 ConcurrentGCThread "G1 Refine#0" [stack: 0x000000ff82d00000,0x000000ff82e00000] [id=24924]
  0x000002c671ea2000 ConcurrentGCThread "G1 Refine#1" [stack: 0x000000ff84300000,0x000000ff84400000] [id=27724]
  0x000002c670fc0800 ConcurrentGCThread "G1 Young RemSet Sampling" [stack: 0x000000ff82e00000,0x000000ff82f00000] [id=26544]

Threads with active compile tasks:
C2 CompilerThread13960       4       java.lang.PublicMethods$Key::matches (31 bytes)
C2 CompilerThread23951       4       java.lang.Class::annotationData (44 bytes)

VM state:at safepoint (shutting down)

VM Mutex/Monitor currently owned by a thread:  ([mutex/lock_event])
[0x000002c64d938bb0] Threads_lock - owner thread: 0x000002c6710d7800

Heap address: 0x0000000703e00000, size: 4034 MB, Compressed Oops mode: Zero based, Oop shift amount: 3
Narrow klass base: 0x0000000800000000, Narrow klass shift: 0
Compressed class space size: 1073741824 Address: 0x0000000800000000

Heap:
 garbage-first heap   total 260096K, used 142220K [0x0000000703e00000, 0x0000000800000000)
  region size 1024K, 137 young (140288K), 10 survivors (10240K)
 Metaspace       used 40532K, capacity 41826K, committed 42112K, reserved 1085440K
  class space    used 4853K, capacity 5383K, committed 5504K, reserved 1048576K
Heap Regions: E=young(eden), S=young(survivor), O=old, HS=humongous(starts), HC=humongous(continues), CS=collection set, F=free, A=archive, TAMS=top-at-mark-start (previous, next)
|   0|0x0000000703e00000, 0x0000000703f00000, 0x0000000703f00000|100%|HS|  |TAMS 0x0000000703f00000, 0x0000000703e00000| Complete 
|   1|0x0000000703f00000, 0x0000000704000000, 0x0000000704000000|100%| O|  |TAMS 0x0000000704000000, 0x0000000703f00000| Untracked 
|   2|0x0000000704000000, 0x0000000704100000, 0x0000000704100000|100%| O|  |TAMS 0x0000000704100000, 0x0000000704000000| Untracked 
|   3|0x0000000704100000, 0x0000000704200000, 0x0000000704200000|100%| O|  |TAMS 0x0000000704200000, 0x0000000704100000| Untracked 
|   4|0x0000000704200000, 0x000000070428fa00, 0x0000000704300000| 56%| O|  |TAMS 0x000000070428fa00, 0x0000000704200000| Untracked 
|   5|0x0000000704300000, 0x0000000704300000, 0x0000000704400000|  0%| F|  |TAMS 0x0000000704300000, 0x0000000704300000| Untracked 
|   6|0x0000000704400000, 0x0000000704400000, 0x0000000704500000|  0%| F|  |TAMS 0x0000000704400000, 0x0000000704400000| Untracked 
|   7|0x0000000704500000, 0x0000000704500000, 0x0000000704600000|  0%| F|  |TAMS 0x0000000704500000, 0x0000000704500000| Untracked 
|   8|0x0000000704600000, 0x0000000704600000, 0x0000000704700000|  0%| F|  |TAMS 0x0000000704600000, 0x0000000704600000| Untracked 
|   9|0x0000000704700000, 0x0000000704700000, 0x0000000704800000|  0%| F|  |TAMS 0x0000000704700000, 0x0000000704700000| Untracked 
|  10|0x0000000704800000, 0x0000000704800000, 0x0000000704900000|  0%| F|  |TAMS 0x0000000704800000, 0x0000000704800000| Untracked 
|  11|0x0000000704900000, 0x0000000704900000, 0x0000000704a00000|  0%| F|  |TAMS 0x0000000704900000, 0x0000000704900000| Untracked 
|  12|0x0000000704a00000, 0x0000000704a00000, 0x0000000704b00000|  0%| F|  |TAMS 0x0000000704a00000, 0x0000000704a00000| Untracked 
|  13|0x0000000704b00000, 0x0000000704b00000, 0x0000000704c00000|  0%| F|  |TAMS 0x0000000704b00000, 0x0000000704b00000| Untracked 
|  14|0x0000000704c00000, 0x0000000704c00000, 0x0000000704d00000|  0%| F|  |TAMS 0x0000000704c00000, 0x0000000704c00000| Untracked 
|  15|0x0000000704d00000, 0x0000000704d00000, 0x0000000704e00000|  0%| F|  |TAMS 0x0000000704d00000, 0x0000000704d00000| Untracked 
|  16|0x0000000704e00000, 0x0000000704e00000, 0x0000000704f00000|  0%| F|  |TAMS 0x0000000704e00000, 0x0000000704e00000| Untracked 
|  17|0x0000000704f00000, 0x0000000704f00000, 0x0000000705000000|  0%| F|  |TAMS 0x0000000704f00000, 0x0000000704f00000| Untracked 
|  18|0x0000000705000000, 0x0000000705000000, 0x0000000705100000|  0%| F|  |TAMS 0x0000000705000000, 0x0000000705000000| Untracked 
|  19|0x0000000705100000, 0x0000000705100000, 0x0000000705200000|  0%| F|  |TAMS 0x0000000705100000, 0x0000000705100000| Untracked 
|  20|0x0000000705200000, 0x0000000705200000, 0x0000000705300000|  0%| F|  |TAMS 0x0000000705200000, 0x0000000705200000| Untracked 
|  21|0x0000000705300000, 0x0000000705300000, 0x0000000705400000|  0%| F|  |TAMS 0x0000000705300000, 0x0000000705300000| Untracked 
|  22|0x0000000705400000, 0x0000000705400000, 0x0000000705500000|  0%| F|  |TAMS 0x0000000705400000, 0x0000000705400000| Untracked 
|  23|0x0000000705500000, 0x0000000705500000, 0x0000000705600000|  0%| F|  |TAMS 0x0000000705500000, 0x0000000705500000| Untracked 
|  24|0x0000000705600000, 0x0000000705600000, 0x0000000705700000|  0%| F|  |TAMS 0x0000000705600000, 0x0000000705600000| Untracked 
|  25|0x0000000705700000, 0x0000000705700000, 0x0000000705800000|  0%| F|  |TAMS 0x0000000705700000, 0x0000000705700000| Untracked 
|  26|0x0000000705800000, 0x0000000705800000, 0x0000000705900000|  0%| F|  |TAMS 0x0000000705800000, 0x0000000705800000| Untracked 
|  27|0x0000000705900000, 0x0000000705900000, 0x0000000705a00000|  0%| F|  |TAMS 0x0000000705900000, 0x0000000705900000| Untracked 
|  28|0x0000000705a00000, 0x0000000705a00000, 0x0000000705b00000|  0%| F|  |TAMS 0x0000000705a00000, 0x0000000705a00000| Untracked 
|  29|0x0000000705b00000, 0x0000000705b00000, 0x0000000705c00000|  0%| F|  |TAMS 0x0000000705b00000, 0x0000000705b00000| Untracked 
|  30|0x0000000705c00000, 0x0000000705c00000, 0x0000000705d00000|  0%| F|  |TAMS 0x0000000705c00000, 0x0000000705c00000| Untracked 
|  31|0x0000000705d00000, 0x0000000705d00000, 0x0000000705e00000|  0%| F|  |TAMS 0x0000000705d00000, 0x0000000705d00000| Untracked 
|  32|0x0000000705e00000, 0x0000000705e00000, 0x0000000705f00000|  0%| F|  |TAMS 0x0000000705e00000, 0x0000000705e00000| Untracked 
|  33|0x0000000705f00000, 0x0000000705f00000, 0x0000000706000000|  0%| F|  |TAMS 0x0000000705f00000, 0x0000000705f00000| Untracked 
|  34|0x0000000706000000, 0x0000000706000000, 0x0000000706100000|  0%| F|  |TAMS 0x0000000706000000, 0x0000000706000000| Untracked 
|  35|0x0000000706100000, 0x0000000706100000, 0x0000000706200000|  0%| F|  |TAMS 0x0000000706100000, 0x0000000706100000| Untracked 
|  36|0x0000000706200000, 0x0000000706200000, 0x0000000706300000|  0%| F|  |TAMS 0x0000000706200000, 0x0000000706200000| Untracked 
|  37|0x0000000706300000, 0x0000000706300000, 0x0000000706400000|  0%| F|  |TAMS 0x0000000706300000, 0x0000000706300000| Untracked 
|  38|0x0000000706400000, 0x0000000706400000, 0x0000000706500000|  0%| F|  |TAMS 0x0000000706400000, 0x0000000706400000| Untracked 
|  39|0x0000000706500000, 0x0000000706500000, 0x0000000706600000|  0%| F|  |TAMS 0x0000000706500000, 0x0000000706500000| Untracked 
|  40|0x0000000706600000, 0x0000000706600000, 0x0000000706700000|  0%| F|  |TAMS 0x0000000706600000, 0x0000000706600000| Untracked 
|  41|0x0000000706700000, 0x0000000706700000, 0x0000000706800000|  0%| F|  |TAMS 0x0000000706700000, 0x0000000706700000| Untracked 
|  42|0x0000000706800000, 0x0000000706800000, 0x0000000706900000|  0%| F|  |TAMS 0x0000000706800000, 0x0000000706800000| Untracked 
|  43|0x0000000706900000, 0x0000000706900000, 0x0000000706a00000|  0%| F|  |TAMS 0x0000000706900000, 0x0000000706900000| Untracked 
|  44|0x0000000706a00000, 0x0000000706a00000, 0x0000000706b00000|  0%| F|  |TAMS 0x0000000706a00000, 0x0000000706a00000| Untracked 
|  45|0x0000000706b00000, 0x0000000706b00000, 0x0000000706c00000|  0%| F|  |TAMS 0x0000000706b00000, 0x0000000706b00000| Untracked 
|  46|0x0000000706c00000, 0x0000000706c00000, 0x0000000706d00000|  0%| F|  |TAMS 0x0000000706c00000, 0x0000000706c00000| Untracked 
|  47|0x0000000706d00000, 0x0000000706d00000, 0x0000000706e00000|  0%| F|  |TAMS 0x0000000706d00000, 0x0000000706d00000| Untracked 
|  48|0x0000000706e00000, 0x0000000706e00000, 0x0000000706f00000|  0%| F|  |TAMS 0x0000000706e00000, 0x0000000706e00000| Untracked 
|  49|0x0000000706f00000, 0x0000000706f00000, 0x0000000707000000|  0%| F|  |TAMS 0x0000000706f00000, 0x0000000706f00000| Untracked 
|  50|0x0000000707000000, 0x0000000707000000, 0x0000000707100000|  0%| F|  |TAMS 0x0000000707000000, 0x0000000707000000| Untracked 
|  51|0x0000000707100000, 0x0000000707100000, 0x0000000707200000|  0%| F|  |TAMS 0x0000000707100000, 0x0000000707100000| Untracked 
|  52|0x0000000707200000, 0x0000000707200000, 0x0000000707300000|  0%| F|  |TAMS 0x0000000707200000, 0x0000000707200000| Untracked 
|  53|0x0000000707300000, 0x0000000707300000, 0x0000000707400000|  0%| F|  |TAMS 0x0000000707300000, 0x0000000707300000| Untracked 
|  54|0x0000000707400000, 0x0000000707400000, 0x0000000707500000|  0%| F|  |TAMS 0x0000000707400000, 0x0000000707400000| Untracked 
|  55|0x0000000707500000, 0x0000000707500000, 0x0000000707600000|  0%| F|  |TAMS 0x0000000707500000, 0x0000000707500000| Untracked 
|  56|0x0000000707600000, 0x0000000707600000, 0x0000000707700000|  0%| F|  |TAMS 0x0000000707600000, 0x0000000707600000| Untracked 
|  57|0x0000000707700000, 0x0000000707700000, 0x0000000707800000|  0%| F|  |TAMS 0x0000000707700000, 0x0000000707700000| Untracked 
|  58|0x0000000707800000, 0x0000000707800000, 0x0000000707900000|  0%| F|  |TAMS 0x0000000707800000, 0x0000000707800000| Untracked 
|  59|0x0000000707900000, 0x0000000707900000, 0x0000000707a00000|  0%| F|  |TAMS 0x0000000707900000, 0x0000000707900000| Untracked 
|  60|0x0000000707a00000, 0x0000000707a00000, 0x0000000707b00000|  0%| F|  |TAMS 0x0000000707a00000, 0x0000000707a00000| Untracked 
|  61|0x0000000707b00000, 0x0000000707b00000, 0x0000000707c00000|  0%| F|  |TAMS 0x0000000707b00000, 0x0000000707b00000| Untracked 
|  62|0x0000000707c00000, 0x0000000707c00000, 0x0000000707d00000|  0%| F|  |TAMS 0x0000000707c00000, 0x0000000707c00000| Untracked 
|  63|0x0000000707d00000, 0x0000000707d00000, 0x0000000707e00000|  0%| F|  |TAMS 0x0000000707d00000, 0x0000000707d00000| Untracked 
|  64|0x0000000707e00000, 0x0000000707e00000, 0x0000000707f00000|  0%| F|  |TAMS 0x0000000707e00000, 0x0000000707e00000| Untracked 
|  65|0x0000000707f00000, 0x0000000707f00000, 0x0000000708000000|  0%| F|  |TAMS 0x0000000707f00000, 0x0000000707f00000| Untracked 
|  66|0x0000000708000000, 0x0000000708000000, 0x0000000708100000|  0%| F|  |TAMS 0x0000000708000000, 0x0000000708000000| Untracked 
|  67|0x0000000708100000, 0x0000000708100000, 0x0000000708200000|  0%| F|  |TAMS 0x0000000708100000, 0x0000000708100000| Untracked 
|  68|0x0000000708200000, 0x0000000708200000, 0x0000000708300000|  0%| F|  |TAMS 0x0000000708200000, 0x0000000708200000| Untracked 
|  69|0x0000000708300000, 0x0000000708300000, 0x0000000708400000|  0%| F|  |TAMS 0x0000000708300000, 0x0000000708300000| Untracked 
|  70|0x0000000708400000, 0x0000000708400000, 0x0000000708500000|  0%| F|  |TAMS 0x0000000708400000, 0x0000000708400000| Untracked 
|  71|0x0000000708500000, 0x0000000708500000, 0x0000000708600000|  0%| F|  |TAMS 0x0000000708500000, 0x0000000708500000| Untracked 
|  72|0x0000000708600000, 0x0000000708600000, 0x0000000708700000|  0%| F|  |TAMS 0x0000000708600000, 0x0000000708600000| Untracked 
|  73|0x0000000708700000, 0x0000000708700000, 0x0000000708800000|  0%| F|  |TAMS 0x0000000708700000, 0x0000000708700000| Untracked 
|  74|0x0000000708800000, 0x0000000708800000, 0x0000000708900000|  0%| F|  |TAMS 0x0000000708800000, 0x0000000708800000| Untracked 
|  75|0x0000000708900000, 0x0000000708900000, 0x0000000708a00000|  0%| F|  |TAMS 0x0000000708900000, 0x0000000708900000| Untracked 
|  76|0x0000000708a00000, 0x0000000708a00000, 0x0000000708b00000|  0%| F|  |TAMS 0x0000000708a00000, 0x0000000708a00000| Untracked 
|  77|0x0000000708b00000, 0x0000000708b00000, 0x0000000708c00000|  0%| F|  |TAMS 0x0000000708b00000, 0x0000000708b00000| Untracked 
|  78|0x0000000708c00000, 0x0000000708c00000, 0x0000000708d00000|  0%| F|  |TAMS 0x0000000708c00000, 0x0000000708c00000| Untracked 
|  79|0x0000000708d00000, 0x0000000708d00000, 0x0000000708e00000|  0%| F|  |TAMS 0x0000000708d00000, 0x0000000708d00000| Untracked 
|  80|0x0000000708e00000, 0x0000000708e00000, 0x0000000708f00000|  0%| F|  |TAMS 0x0000000708e00000, 0x0000000708e00000| Untracked 
|  81|0x0000000708f00000, 0x0000000708f00000, 0x0000000709000000|  0%| F|  |TAMS 0x0000000708f00000, 0x0000000708f00000| Untracked 
|  82|0x0000000709000000, 0x0000000709000000, 0x0000000709100000|  0%| F|  |TAMS 0x0000000709000000, 0x0000000709000000| Untracked 
|  83|0x0000000709100000, 0x0000000709100000, 0x0000000709200000|  0%| F|  |TAMS 0x0000000709100000, 0x0000000709100000| Untracked 
|  84|0x0000000709200000, 0x0000000709200000, 0x0000000709300000|  0%| F|  |TAMS 0x0000000709200000, 0x0000000709200000| Untracked 
|  85|0x0000000709300000, 0x0000000709300000, 0x0000000709400000|  0%| F|  |TAMS 0x0000000709300000, 0x0000000709300000| Untracked 
|  86|0x0000000709400000, 0x0000000709400000, 0x0000000709500000|  0%| F|  |TAMS 0x0000000709400000, 0x0000000709400000| Untracked 
|  87|0x0000000709500000, 0x0000000709500000, 0x0000000709600000|  0%| F|  |TAMS 0x0000000709500000, 0x0000000709500000| Untracked 
|  88|0x0000000709600000, 0x0000000709600000, 0x0000000709700000|  0%| F|  |TAMS 0x0000000709600000, 0x0000000709600000| Untracked 
|  89|0x0000000709700000, 0x0000000709700000, 0x0000000709800000|  0%| F|  |TAMS 0x0000000709700000, 0x0000000709700000| Untracked 
|  90|0x0000000709800000, 0x0000000709800000, 0x0000000709900000|  0%| F|  |TAMS 0x0000000709800000, 0x0000000709800000| Untracked 
|  91|0x0000000709900000, 0x0000000709900000, 0x0000000709a00000|  0%| F|  |TAMS 0x0000000709900000, 0x0000000709900000| Untracked 
|  92|0x0000000709a00000, 0x0000000709a00000, 0x0000000709b00000|  0%| F|  |TAMS 0x0000000709a00000, 0x0000000709a00000| Untracked 
|  93|0x0000000709b00000, 0x0000000709b00000, 0x0000000709c00000|  0%| F|  |TAMS 0x0000000709b00000, 0x0000000709b00000| Untracked 
|  94|0x0000000709c00000, 0x0000000709c00000, 0x0000000709d00000|  0%| F|  |TAMS 0x0000000709c00000, 0x0000000709c00000| Untracked 
|  95|0x0000000709d00000, 0x0000000709d00000, 0x0000000709e00000|  0%| F|  |TAMS 0x0000000709d00000, 0x0000000709d00000| Untracked 
|  96|0x0000000709e00000, 0x0000000709e00000, 0x0000000709f00000|  0%| F|  |TAMS 0x0000000709e00000, 0x0000000709e00000| Untracked 
|  97|0x0000000709f00000, 0x0000000709f00000, 0x000000070a000000|  0%| F|  |TAMS 0x0000000709f00000, 0x0000000709f00000| Untracked 
|  98|0x000000070a000000, 0x000000070a000000, 0x000000070a100000|  0%| F|  |TAMS 0x000000070a000000, 0x000000070a000000| Untracked 
|  99|0x000000070a100000, 0x000000070a100000, 0x000000070a200000|  0%| F|  |TAMS 0x000000070a100000, 0x000000070a100000| Untracked 
| 100|0x000000070a200000, 0x000000070a200000, 0x000000070a300000|  0%| F|  |TAMS 0x000000070a200000, 0x000000070a200000| Untracked 
| 101|0x000000070a300000, 0x000000070a300000, 0x000000070a400000|  0%| F|  |TAMS 0x000000070a300000, 0x000000070a300000| Untracked 
| 102|0x000000070a400000, 0x000000070a400000, 0x000000070a500000|  0%| F|  |TAMS 0x000000070a400000, 0x000000070a400000| Untracked 
| 103|0x000000070a500000, 0x000000070a500000, 0x000000070a600000|  0%| F|  |TAMS 0x000000070a500000, 0x000000070a500000| Untracked 
| 104|0x000000070a600000, 0x000000070a600000, 0x000000070a700000|  0%| F|  |TAMS 0x000000070a600000, 0x000000070a600000| Untracked 
| 105|0x000000070a700000, 0x000000070a700000, 0x000000070a800000|  0%| F|  |TAMS 0x000000070a700000, 0x000000070a700000| Untracked 
| 106|0x000000070a800000, 0x000000070a800000, 0x000000070a900000|  0%| F|  |TAMS 0x000000070a800000, 0x000000070a800000| Untracked 
| 107|0x000000070a900000, 0x000000070a900000, 0x000000070aa00000|  0%| F|  |TAMS 0x000000070a900000, 0x000000070a900000| Untracked 
| 108|0x000000070aa00000, 0x000000070aa00000, 0x000000070ab00000|  0%| F|  |TAMS 0x000000070aa00000, 0x000000070aa00000| Untracked 
| 109|0x000000070ab00000, 0x000000070ab00000, 0x000000070ac00000|  0%| F|  |TAMS 0x000000070ab00000, 0x000000070ab00000| Untracked 
| 110|0x000000070ac00000, 0x000000070ac00000, 0x000000070ad00000|  0%| F|  |TAMS 0x000000070ac00000, 0x000000070ac00000| Untracked 
| 111|0x000000070ad00000, 0x000000070ad00000, 0x000000070ae00000|  0%| F|  |TAMS 0x000000070ad00000, 0x000000070ad00000| Untracked 
| 112|0x000000070ae00000, 0x000000070ae00000, 0x000000070af00000|  0%| F|  |TAMS 0x000000070ae00000, 0x000000070ae00000| Untracked 
| 113|0x000000070af00000, 0x000000070af00000, 0x000000070b000000|  0%| F|  |TAMS 0x000000070af00000, 0x000000070af00000| Untracked 
| 114|0x000000070b000000, 0x000000070b000000, 0x000000070b100000|  0%| F|  |TAMS 0x000000070b000000, 0x000000070b000000| Untracked 
| 115|0x000000070b100000, 0x000000070b100000, 0x000000070b200000|  0%| F|  |TAMS 0x000000070b100000, 0x000000070b100000| Untracked 
| 116|0x000000070b200000, 0x000000070b200000, 0x000000070b300000|  0%| F|  |TAMS 0x000000070b200000, 0x000000070b200000| Untracked 
| 117|0x000000070b300000, 0x000000070b380800, 0x000000070b400000| 50%| E|  |TAMS 0x000000070b300000, 0x000000070b300000| Complete 
| 118|0x000000070b400000, 0x000000070b500000, 0x000000070b500000|100%| E|CS|TAMS 0x000000070b400000, 0x000000070b400000| Complete 
| 119|0x000000070b500000, 0x000000070b600000, 0x000000070b600000|100%| E|CS|TAMS 0x000000070b500000, 0x000000070b500000| Complete 
| 120|0x000000070b600000, 0x000000070b700000, 0x000000070b700000|100%| E|CS|TAMS 0x000000070b600000, 0x000000070b600000| Complete 
| 121|0x000000070b700000, 0x000000070b800000, 0x000000070b800000|100%| E|CS|TAMS 0x000000070b700000, 0x000000070b700000| Complete 
| 122|0x000000070b800000, 0x000000070b900000, 0x000000070b900000|100%| E|CS|TAMS 0x000000070b800000, 0x000000070b800000| Complete 
| 123|0x000000070b900000, 0x000000070ba00000, 0x000000070ba00000|100%| E|CS|TAMS 0x000000070b900000, 0x000000070b900000| Complete 
| 124|0x000000070ba00000, 0x000000070bb00000, 0x000000070bb00000|100%| E|CS|TAMS 0x000000070ba00000, 0x000000070ba00000| Complete 
| 125|0x000000070bb00000, 0x000000070bc00000, 0x000000070bc00000|100%| E|CS|TAMS 0x000000070bb00000, 0x000000070bb00000| Complete 
| 126|0x000000070bc00000, 0x000000070bd00000, 0x000000070bd00000|100%| E|CS|TAMS 0x000000070bc00000, 0x000000070bc00000| Complete 
| 127|0x000000070bd00000, 0x000000070be00000, 0x000000070be00000|100%| E|CS|TAMS 0x000000070bd00000, 0x000000070bd00000| Complete 
| 128|0x000000070be00000, 0x000000070bf00000, 0x000000070bf00000|100%| E|CS|TAMS 0x000000070be00000, 0x000000070be00000| Complete 
| 129|0x000000070bf00000, 0x000000070c000000, 0x000000070c000000|100%| E|CS|TAMS 0x000000070bf00000, 0x000000070bf00000| Complete 
| 130|0x000000070c000000, 0x000000070c100000, 0x000000070c100000|100%| E|CS|TAMS 0x000000070c000000, 0x000000070c000000| Complete 
| 131|0x000000070c100000, 0x000000070c200000, 0x000000070c200000|100%| E|CS|TAMS 0x000000070c100000, 0x000000070c100000| Complete 
| 132|0x000000070c200000, 0x000000070c300000, 0x000000070c300000|100%| E|CS|TAMS 0x000000070c200000, 0x000000070c200000| Complete 
| 133|0x000000070c300000, 0x000000070c400000, 0x000000070c400000|100%| E|CS|TAMS 0x000000070c300000, 0x000000070c300000| Complete 
| 134|0x000000070c400000, 0x000000070c500000, 0x000000070c500000|100%| E|CS|TAMS 0x000000070c400000, 0x000000070c400000| Complete 
| 135|0x000000070c500000, 0x000000070c600000, 0x000000070c600000|100%| E|CS|TAMS 0x000000070c500000, 0x000000070c500000| Complete 
| 136|0x000000070c600000, 0x000000070c700000, 0x000000070c700000|100%| E|CS|TAMS 0x000000070c600000, 0x000000070c600000| Complete 
| 137|0x000000070c700000, 0x000000070c800000, 0x000000070c800000|100%| E|CS|TAMS 0x000000070c700000, 0x000000070c700000| Complete 
| 138|0x000000070c800000, 0x000000070c900000, 0x000000070c900000|100%| E|CS|TAMS 0x000000070c800000, 0x000000070c800000| Complete 
| 139|0x000000070c900000, 0x000000070ca00000, 0x000000070ca00000|100%| E|CS|TAMS 0x000000070c900000, 0x000000070c900000| Complete 
| 140|0x000000070ca00000, 0x000000070cb00000, 0x000000070cb00000|100%| E|CS|TAMS 0x000000070ca00000, 0x000000070ca00000| Complete 
| 141|0x000000070cb00000, 0x000000070cc00000, 0x000000070cc00000|100%| E|CS|TAMS 0x000000070cb00000, 0x000000070cb00000| Complete 
| 142|0x000000070cc00000, 0x000000070cd00000, 0x000000070cd00000|100%| E|  |TAMS 0x000000070cc00000, 0x000000070cc00000| Complete 
| 143|0x000000070cd00000, 0x000000070ce00000, 0x000000070ce00000|100%| E|CS|TAMS 0x000000070cd00000, 0x000000070cd00000| Complete 
| 144|0x000000070ce00000, 0x000000070cf00000, 0x000000070cf00000|100%| E|CS|TAMS 0x000000070ce00000, 0x000000070ce00000| Complete 
| 145|0x000000070cf00000, 0x000000070cf53910, 0x000000070d000000| 32%| S|CS|TAMS 0x000000070cf00000, 0x000000070cf00000| Complete 
| 146|0x000000070d000000, 0x000000070d100000, 0x000000070d100000|100%| S|CS|TAMS 0x000000070d000000, 0x000000070d000000| Complete 
| 147|0x000000070d100000, 0x000000070d200000, 0x000000070d200000|100%| S|CS|TAMS 0x000000070d100000, 0x000000070d100000| Complete 
| 148|0x000000070d200000, 0x000000070d300000, 0x000000070d300000|100%| S|CS|TAMS 0x000000070d200000, 0x000000070d200000| Complete 
| 149|0x000000070d300000, 0x000000070d400000, 0x000000070d400000|100%| S|CS|TAMS 0x000000070d300000, 0x000000070d300000| Complete 
| 150|0x000000070d400000, 0x000000070d500000, 0x000000070d500000|100%| S|CS|TAMS 0x000000070d400000, 0x000000070d400000| Complete 
| 151|0x000000070d500000, 0x000000070d600000, 0x000000070d600000|100%| S|CS|TAMS 0x000000070d500000, 0x000000070d500000| Complete 
| 152|0x000000070d600000, 0x000000070d700000, 0x000000070d700000|100%| S|CS|TAMS 0x000000070d600000, 0x000000070d600000| Complete 
| 153|0x000000070d700000, 0x000000070d800000, 0x000000070d800000|100%| S|CS|TAMS 0x000000070d700000, 0x000000070d700000| Complete 
| 154|0x000000070d800000, 0x000000070d900000, 0x000000070d900000|100%| S|CS|TAMS 0x000000070d800000, 0x000000070d800000| Complete 
| 155|0x000000070d900000, 0x000000070da00000, 0x000000070da00000|100%| E|CS|TAMS 0x000000070d900000, 0x000000070d900000| Complete 
| 156|0x000000070da00000, 0x000000070db00000, 0x000000070db00000|100%| E|CS|TAMS 0x000000070da00000, 0x000000070da00000| Complete 
| 157|0x000000070db00000, 0x000000070dc00000, 0x000000070dc00000|100%| E|CS|TAMS 0x000000070db00000, 0x000000070db00000| Complete 
| 158|0x000000070dc00000, 0x000000070dd00000, 0x000000070dd00000|100%| E|CS|TAMS 0x000000070dc00000, 0x000000070dc00000| Complete 
| 159|0x000000070dd00000, 0x000000070de00000, 0x000000070de00000|100%| E|CS|TAMS 0x000000070dd00000, 0x000000070dd00000| Complete 
| 160|0x000000070de00000, 0x000000070df00000, 0x000000070df00000|100%| E|CS|TAMS 0x000000070de00000, 0x000000070de00000| Complete 
| 161|0x000000070df00000, 0x000000070e000000, 0x000000070e000000|100%| E|CS|TAMS 0x000000070df00000, 0x000000070df00000| Complete 
| 162|0x000000070e000000, 0x000000070e100000, 0x000000070e100000|100%| E|CS|TAMS 0x000000070e000000, 0x000000070e000000| Complete 
| 163|0x000000070e100000, 0x000000070e200000, 0x000000070e200000|100%| E|CS|TAMS 0x000000070e100000, 0x000000070e100000| Complete 
| 164|0x000000070e200000, 0x000000070e300000, 0x000000070e300000|100%| E|CS|TAMS 0x000000070e200000, 0x000000070e200000| Complete 
| 165|0x000000070e300000, 0x000000070e400000, 0x000000070e400000|100%| E|CS|TAMS 0x000000070e300000, 0x000000070e300000| Complete 
| 166|0x000000070e400000, 0x000000070e500000, 0x000000070e500000|100%| E|CS|TAMS 0x000000070e400000, 0x000000070e400000| Complete 
| 167|0x000000070e500000, 0x000000070e600000, 0x000000070e600000|100%| E|CS|TAMS 0x000000070e500000, 0x000000070e500000| Complete 
| 168|0x000000070e600000, 0x000000070e700000, 0x000000070e700000|100%| E|CS|TAMS 0x000000070e600000, 0x000000070e600000| Complete 
| 169|0x000000070e700000, 0x000000070e800000, 0x000000070e800000|100%| E|CS|TAMS 0x000000070e700000, 0x000000070e700000| Complete 
| 170|0x000000070e800000, 0x000000070e900000, 0x000000070e900000|100%| E|CS|TAMS 0x000000070e800000, 0x000000070e800000| Complete 
| 171|0x000000070e900000, 0x000000070ea00000, 0x000000070ea00000|100%| E|CS|TAMS 0x000000070e900000, 0x000000070e900000| Complete 
| 172|0x000000070ea00000, 0x000000070eb00000, 0x000000070eb00000|100%| E|CS|TAMS 0x000000070ea00000, 0x000000070ea00000| Complete 
| 173|0x000000070eb00000, 0x000000070ec00000, 0x000000070ec00000|100%| E|CS|TAMS 0x000000070eb00000, 0x000000070eb00000| Complete 
| 174|0x000000070ec00000, 0x000000070ed00000, 0x000000070ed00000|100%| E|CS|TAMS 0x000000070ec00000, 0x000000070ec00000| Complete 
| 175|0x000000070ed00000, 0x000000070ee00000, 0x000000070ee00000|100%| E|CS|TAMS 0x000000070ed00000, 0x000000070ed00000| Complete 
| 176|0x000000070ee00000, 0x000000070ef00000, 0x000000070ef00000|100%| E|CS|TAMS 0x000000070ee00000, 0x000000070ee00000| Complete 
| 177|0x000000070ef00000, 0x000000070f000000, 0x000000070f000000|100%| E|CS|TAMS 0x000000070ef00000, 0x000000070ef00000| Complete 
| 178|0x000000070f000000, 0x000000070f100000, 0x000000070f100000|100%| E|CS|TAMS 0x000000070f000000, 0x000000070f000000| Complete 
| 179|0x000000070f100000, 0x000000070f200000, 0x000000070f200000|100%| E|CS|TAMS 0x000000070f100000, 0x000000070f100000| Complete 
| 180|0x000000070f200000, 0x000000070f300000, 0x000000070f300000|100%| E|CS|TAMS 0x000000070f200000, 0x000000070f200000| Complete 
| 181|0x000000070f300000, 0x000000070f400000, 0x000000070f400000|100%| E|CS|TAMS 0x000000070f300000, 0x000000070f300000| Complete 
| 182|0x000000070f400000, 0x000000070f500000, 0x000000070f500000|100%| E|CS|TAMS 0x000000070f400000, 0x000000070f400000| Complete 
| 183|0x000000070f500000, 0x000000070f600000, 0x000000070f600000|100%| E|CS|TAMS 0x000000070f500000, 0x000000070f500000| Complete 
| 184|0x000000070f600000, 0x000000070f700000, 0x000000070f700000|100%| E|CS|TAMS 0x000000070f600000, 0x000000070f600000| Complete 
| 185|0x000000070f700000, 0x000000070f800000, 0x000000070f800000|100%| E|CS|TAMS 0x000000070f700000, 0x000000070f700000| Complete 
| 186|0x000000070f800000, 0x000000070f900000, 0x000000070f900000|100%| E|CS|TAMS 0x000000070f800000, 0x000000070f800000| Complete 
| 187|0x000000070f900000, 0x000000070fa00000, 0x000000070fa00000|100%| E|CS|TAMS 0x000000070f900000, 0x000000070f900000| Complete 
| 188|0x000000070fa00000, 0x000000070fb00000, 0x000000070fb00000|100%| E|CS|TAMS 0x000000070fa00000, 0x000000070fa00000| Complete 
| 189|0x000000070fb00000, 0x000000070fc00000, 0x000000070fc00000|100%| E|CS|TAMS 0x000000070fb00000, 0x000000070fb00000| Complete 
| 190|0x000000070fc00000, 0x000000070fd00000, 0x000000070fd00000|100%| E|CS|TAMS 0x000000070fc00000, 0x000000070fc00000| Complete 
| 191|0x000000070fd00000, 0x000000070fe00000, 0x000000070fe00000|100%| E|CS|TAMS 0x000000070fd00000, 0x000000070fd00000| Complete 
| 192|0x000000070fe00000, 0x000000070ff00000, 0x000000070ff00000|100%| E|CS|TAMS 0x000000070fe00000, 0x000000070fe00000| Complete 
| 193|0x000000070ff00000, 0x0000000710000000, 0x0000000710000000|100%| E|CS|TAMS 0x000000070ff00000, 0x000000070ff00000| Complete 
| 194|0x0000000710000000, 0x0000000710100000, 0x0000000710100000|100%| E|CS|TAMS 0x0000000710000000, 0x0000000710000000| Complete 
| 195|0x0000000710100000, 0x0000000710200000, 0x0000000710200000|100%| E|CS|TAMS 0x0000000710100000, 0x0000000710100000| Complete 
| 196|0x0000000710200000, 0x0000000710300000, 0x0000000710300000|100%| E|CS|TAMS 0x0000000710200000, 0x0000000710200000| Complete 
| 197|0x0000000710300000, 0x0000000710400000, 0x0000000710400000|100%| E|CS|TAMS 0x0000000710300000, 0x0000000710300000| Complete 
| 198|0x0000000710400000, 0x0000000710500000, 0x0000000710500000|100%| E|CS|TAMS 0x0000000710400000, 0x0000000710400000| Complete 
| 199|0x0000000710500000, 0x0000000710600000, 0x0000000710600000|100%| E|CS|TAMS 0x0000000710500000, 0x0000000710500000| Complete 
| 200|0x0000000710600000, 0x0000000710700000, 0x0000000710700000|100%| E|CS|TAMS 0x0000000710600000, 0x0000000710600000| Complete 
| 201|0x0000000710700000, 0x0000000710800000, 0x0000000710800000|100%| E|CS|TAMS 0x0000000710700000, 0x0000000710700000| Complete 
| 202|0x0000000710800000, 0x0000000710900000, 0x0000000710900000|100%| E|CS|TAMS 0x0000000710800000, 0x0000000710800000| Complete 
| 203|0x0000000710900000, 0x0000000710a00000, 0x0000000710a00000|100%| E|CS|TAMS 0x0000000710900000, 0x0000000710900000| Complete 
| 204|0x0000000710a00000, 0x0000000710b00000, 0x0000000710b00000|100%| E|CS|TAMS 0x0000000710a00000, 0x0000000710a00000| Complete 
| 205|0x0000000710b00000, 0x0000000710c00000, 0x0000000710c00000|100%| E|CS|TAMS 0x0000000710b00000, 0x0000000710b00000| Complete 
| 206|0x0000000710c00000, 0x0000000710d00000, 0x0000000710d00000|100%| E|CS|TAMS 0x0000000710c00000, 0x0000000710c00000| Complete 
| 207|0x0000000710d00000, 0x0000000710e00000, 0x0000000710e00000|100%| E|CS|TAMS 0x0000000710d00000, 0x0000000710d00000| Complete 
| 208|0x0000000710e00000, 0x0000000710f00000, 0x0000000710f00000|100%| E|CS|TAMS 0x0000000710e00000, 0x0000000710e00000| Complete 
| 209|0x0000000710f00000, 0x0000000711000000, 0x0000000711000000|100%| E|CS|TAMS 0x0000000710f00000, 0x0000000710f00000| Complete 
| 210|0x0000000711000000, 0x0000000711100000, 0x0000000711100000|100%| E|CS|TAMS 0x0000000711000000, 0x0000000711000000| Complete 
| 211|0x0000000711100000, 0x0000000711200000, 0x0000000711200000|100%| E|CS|TAMS 0x0000000711100000, 0x0000000711100000| Complete 
| 212|0x0000000711200000, 0x0000000711300000, 0x0000000711300000|100%| E|CS|TAMS 0x0000000711200000, 0x0000000711200000| Complete 
| 213|0x0000000711300000, 0x0000000711400000, 0x0000000711400000|100%| E|CS|TAMS 0x0000000711300000, 0x0000000711300000| Complete 
| 214|0x0000000711400000, 0x0000000711500000, 0x0000000711500000|100%| E|CS|TAMS 0x0000000711400000, 0x0000000711400000| Complete 
| 215|0x0000000711500000, 0x0000000711600000, 0x0000000711600000|100%| E|CS|TAMS 0x0000000711500000, 0x0000000711500000| Complete 
| 216|0x0000000711600000, 0x0000000711700000, 0x0000000711700000|100%| E|CS|TAMS 0x0000000711600000, 0x0000000711600000| Complete 
| 217|0x0000000711700000, 0x0000000711800000, 0x0000000711800000|100%| E|CS|TAMS 0x0000000711700000, 0x0000000711700000| Complete 
| 218|0x0000000711800000, 0x0000000711900000, 0x0000000711900000|100%| E|CS|TAMS 0x0000000711800000, 0x0000000711800000| Complete 
| 219|0x0000000711900000, 0x0000000711a00000, 0x0000000711a00000|100%| E|CS|TAMS 0x0000000711900000, 0x0000000711900000| Complete 
| 220|0x0000000711a00000, 0x0000000711b00000, 0x0000000711b00000|100%| E|CS|TAMS 0x0000000711a00000, 0x0000000711a00000| Complete 
| 221|0x0000000711b00000, 0x0000000711c00000, 0x0000000711c00000|100%| E|CS|TAMS 0x0000000711b00000, 0x0000000711b00000| Complete 
| 222|0x0000000711c00000, 0x0000000711d00000, 0x0000000711d00000|100%| E|CS|TAMS 0x0000000711c00000, 0x0000000711c00000| Complete 
| 223|0x0000000711d00000, 0x0000000711e00000, 0x0000000711e00000|100%| E|CS|TAMS 0x0000000711d00000, 0x0000000711d00000| Complete 
| 224|0x0000000711e00000, 0x0000000711f00000, 0x0000000711f00000|100%| E|CS|TAMS 0x0000000711e00000, 0x0000000711e00000| Complete 
| 225|0x0000000711f00000, 0x0000000712000000, 0x0000000712000000|100%| E|CS|TAMS 0x0000000711f00000, 0x0000000711f00000| Complete 
| 226|0x0000000712000000, 0x0000000712100000, 0x0000000712100000|100%| E|CS|TAMS 0x0000000712000000, 0x0000000712000000| Complete 
| 227|0x0000000712100000, 0x0000000712200000, 0x0000000712200000|100%| E|CS|TAMS 0x0000000712100000, 0x0000000712100000| Complete 
| 228|0x0000000712200000, 0x0000000712300000, 0x0000000712300000|100%| E|CS|TAMS 0x0000000712200000, 0x0000000712200000| Complete 
| 229|0x0000000712300000, 0x0000000712400000, 0x0000000712400000|100%| E|CS|TAMS 0x0000000712300000, 0x0000000712300000| Complete 
| 230|0x0000000712400000, 0x0000000712500000, 0x0000000712500000|100%| E|CS|TAMS 0x0000000712400000, 0x0000000712400000| Complete 
| 231|0x0000000712500000, 0x0000000712600000, 0x0000000712600000|100%| E|CS|TAMS 0x0000000712500000, 0x0000000712500000| Complete 
| 232|0x0000000712600000, 0x0000000712700000, 0x0000000712700000|100%| E|CS|TAMS 0x0000000712600000, 0x0000000712600000| Complete 
| 233|0x0000000712700000, 0x0000000712800000, 0x0000000712800000|100%| E|CS|TAMS 0x0000000712700000, 0x0000000712700000| Complete 
| 234|0x0000000712800000, 0x0000000712900000, 0x0000000712900000|100%| E|CS|TAMS 0x0000000712800000, 0x0000000712800000| Complete 
| 235|0x0000000712900000, 0x0000000712a00000, 0x0000000712a00000|100%| E|CS|TAMS 0x0000000712900000, 0x0000000712900000| Complete 
| 236|0x0000000712a00000, 0x0000000712b00000, 0x0000000712b00000|100%| E|CS|TAMS 0x0000000712a00000, 0x0000000712a00000| Complete 
| 237|0x0000000712b00000, 0x0000000712c00000, 0x0000000712c00000|100%| E|CS|TAMS 0x0000000712b00000, 0x0000000712b00000| Complete 
| 238|0x0000000712c00000, 0x0000000712d00000, 0x0000000712d00000|100%| E|CS|TAMS 0x0000000712c00000, 0x0000000712c00000| Complete 
| 239|0x0000000712d00000, 0x0000000712e00000, 0x0000000712e00000|100%| E|CS|TAMS 0x0000000712d00000, 0x0000000712d00000| Complete 
| 240|0x0000000712e00000, 0x0000000712f00000, 0x0000000712f00000|100%| E|CS|TAMS 0x0000000712e00000, 0x0000000712e00000| Complete 
| 241|0x0000000712f00000, 0x0000000713000000, 0x0000000713000000|100%| E|CS|TAMS 0x0000000712f00000, 0x0000000712f00000| Complete 
| 242|0x0000000713000000, 0x0000000713100000, 0x0000000713100000|100%| E|CS|TAMS 0x0000000713000000, 0x0000000713000000| Complete 
| 243|0x0000000713100000, 0x0000000713200000, 0x0000000713200000|100%| E|CS|TAMS 0x0000000713100000, 0x0000000713100000| Complete 
| 244|0x0000000713200000, 0x0000000713300000, 0x0000000713300000|100%| E|CS|TAMS 0x0000000713200000, 0x0000000713200000| Complete 
| 245|0x0000000713300000, 0x0000000713400000, 0x0000000713400000|100%| E|CS|TAMS 0x0000000713300000, 0x0000000713300000| Complete 
| 246|0x0000000713400000, 0x0000000713500000, 0x0000000713500000|100%| E|CS|TAMS 0x0000000713400000, 0x0000000713400000| Complete 
| 247|0x0000000713500000, 0x0000000713600000, 0x0000000713600000|100%| E|CS|TAMS 0x0000000713500000, 0x0000000713500000| Complete 
| 248|0x0000000713600000, 0x0000000713700000, 0x0000000713700000|100%| E|CS|TAMS 0x0000000713600000, 0x0000000713600000| Complete 
| 249|0x0000000713700000, 0x0000000713800000, 0x0000000713800000|100%| E|CS|TAMS 0x0000000713700000, 0x0000000713700000| Complete 
| 250|0x0000000713800000, 0x0000000713900000, 0x0000000713900000|100%| E|CS|TAMS 0x0000000713800000, 0x0000000713800000| Complete 
| 251|0x0000000713900000, 0x0000000713a00000, 0x0000000713a00000|100%| E|CS|TAMS 0x0000000713900000, 0x0000000713900000| Complete 
| 252|0x0000000713a00000, 0x0000000713b00000, 0x0000000713b00000|100%| E|CS|TAMS 0x0000000713a00000, 0x0000000713a00000| Complete 
| 253|0x0000000713b00000, 0x0000000713c00000, 0x0000000713c00000|100%| E|CS|TAMS 0x0000000713b00000, 0x0000000713b00000| Complete 

Card table byte_map: [0x000002c665770000,0x000002c665f60000] _byte_map_base: 0x000002c661f51000

Marking Bits (Prev, Next): (CMBitMap*) 0x000002c64d99eea8, (CMBitMap*) 0x000002c64d99eee0
 Prev Bits: [0x000002c666750000, 0x000002c66a658000)
 Next Bits: [0x000002c66a660000, 0x000002c66e568000)

Polling page: 0x000002c64d020000

Metaspace:

Usage:
  Non-class:     35.59 MB capacity,    34.84 MB ( 98%) used,   612.93 KB (  2%) free+waste,   151.44 KB ( <1%) overhead. 
      Class:      5.26 MB capacity,     4.74 MB ( 90%) used,   456.38 KB (  8%) free+waste,    73.13 KB (  1%) overhead. 
       Both:     40.85 MB capacity,    39.58 MB ( 97%) used,     1.04 MB (  3%) free+waste,   224.56 KB ( <1%) overhead. 

Virtual space:
  Non-class space:       36.00 MB reserved,      35.75 MB (>99%) committed 
      Class space:        1.00 GB reserved,       5.38 MB ( <1%) committed 
             Both:        1.04 GB reserved,      41.13 MB (  4%) committed 

Chunk freelists:
   Non-Class:  4.63 KB
       Class:  3.13 KB
        Both:  7.75 KB

CodeHeap 'non-profiled nmethods': size=120000Kb used=2363Kb max_used=2363Kb free=117636Kb
 bounds [0x000002c65d720000, 0x000002c65d990000, 0x000002c664c50000]
CodeHeap 'profiled nmethods': size=120000Kb used=9369Kb max_used=9369Kb free=110630Kb
 bounds [0x000002c6561f0000, 0x000002c656b20000, 0x000002c65d720000]
CodeHeap 'non-nmethods': size=5760Kb used=1176Kb max_used=1216Kb free=4583Kb
 bounds [0x000002c655c50000, 0x000002c655ec0000, 0x000002c6561f0000]
 total_blobs=5414 nmethods=3957 adapters=400
 compilation: enabled
              stopped_count=0, restarted_count=0
 full_count=0

Compilation events (10 events):
Event: 3.500 Thread 0x000002c6719a4800 3961       4       java.util.concurrent.CopyOnWriteArrayList$COWIterator::next (32 bytes)
Event: 3.500 Thread 0x000002c6719a7800 3962       3       ch.qos.logback.classic.Logger::recursiveReset (58 bytes)
Event: 3.501 Thread 0x000002c6719a7800 nmethod 3962 0x000002c656b14a10 code [0x000002c656b14c60, 0x000002c656b15570]
Event: 3.501 Thread 0x000002c6719a7800 3964       3       ch.qos.logback.classic.Logger::localLevelReset (30 bytes)
Event: 3.501 Thread 0x000002c6719a7800 nmethod 3964 0x000002c656b15790 code [0x000002c656b15960, 0x000002c656b15c98]
Event: 3.501 Thread 0x000002c6719a7800 3963       3       ch.qos.logback.classic.Logger::detachAndStopAllAppenders (15 bytes)
Event: 3.501 Thread 0x000002c6719a4800 nmethod 3961 0x000002c65d96eb90 code [0x000002c65d96ed20, 0x000002c65d96edd8]
Event: 3.501 Thread 0x000002c6719a7800 nmethod 3963 0x000002c656b15d90 code [0x000002c656b15f60, 0x000002c656b16150]
Event: 3.501 Thread 0x000002c6719a7800 3965       3       ch.qos.logback.classic.Logger::isRootLogger (13 bytes)
Event: 3.501 Thread 0x000002c6719a7800 nmethod 3965 0x000002c656b16210 code [0x000002c656b163c0, 0x000002c656b16578]

GC Heap History (10 events):
Event: 0.808 GC heap before
{Heap before GC invocations=0 (full 0):
 garbage-first heap   total 260096K, used 24576K [0x0000000703e00000, 0x0000000800000000)
  region size 1024K, 24 young (24576K), 0 survivors (0K)
 Metaspace       used 15437K, capacity 15794K, committed 16128K, reserved 1062912K
  class space    used 1581K, capacity 1697K, committed 1792K, reserved 1048576K
}
Event: 0.812 GC heap after
{Heap after GC invocations=1 (full 0):
 garbage-first heap   total 260096K, used 7742K [0x0000000703e00000, 0x0000000800000000)
  region size 1024K, 3 young (3072K), 3 survivors (3072K)
 Metaspace       used 15437K, capacity 15794K, committed 16128K, reserved 1062912K
  class space    used 1581K, capacity 1697K, committed 1792K, reserved 1048576K
}
Event: 0.974 GC heap before
{Heap before GC invocations=1 (full 0):
 garbage-first heap   total 260096K, used 53822K [0x0000000703e00000, 0x0000000800000000)
  region size 1024K, 49 young (50176K), 3 survivors (3072K)
 Metaspace       used 16314K, capacity 16745K, committed 17024K, reserved 1064960K
  class space    used 1689K, capacity 1844K, committed 1920K, reserved 1048576K
}
Event: 0.976 GC heap after
{Heap after GC invocations=2 (full 0):
 garbage-first heap   total 260096K, used 8046K [0x0000000703e00000, 0x0000000800000000)
  region size 1024K, 4 young (4096K), 4 survivors (4096K)
 Metaspace       used 16314K, capacity 16745K, committed 17024K, reserved 1064960K
  class space    used 1689K, capacity 1844K, committed 1920K, reserved 1048576K
}
Event: 1.311 GC heap before
{Heap before GC invocations=2 (full 0):
 garbage-first heap   total 260096K, used 28526K [0x0000000703e00000, 0x0000000800000000)
  region size 1024K, 25 young (25600K), 4 survivors (4096K)
 Metaspace       used 20599K, capacity 21197K, committed 21248K, reserved 1069056K
  class space    used 2298K, capacity 2552K, committed 2560K, reserved 1048576K
}
Event: 1.317 GC heap after
{Heap after GC invocations=3 (full 0):
 garbage-first heap   total 260096K, used 9181K [0x0000000703e00000, 0x0000000800000000)
  region size 1024K, 5 young (5120K), 5 survivors (5120K)
 Metaspace       used 20599K, capacity 21197K, committed 21248K, reserved 1069056K
  class space    used 2298K, capacity 2552K, committed 2560K, reserved 1048576K
}
Event: 1.754 GC heap before
{Heap before GC invocations=4 (full 0):
 garbage-first heap   total 260096K, used 70621K [0x0000000703e00000, 0x0000000800000000)
  region size 1024K, 66 young (67584K), 5 survivors (5120K)
 Metaspace       used 28387K, capacity 29156K, committed 29184K, reserved 1075200K
  class space    used 3245K, capacity 3568K, committed 3584K, reserved 1048576K
}
Event: 1.758 GC heap after
{Heap after GC invocations=5 (full 0):
 garbage-first heap   total 260096K, used 11097K [0x0000000703e00000, 0x0000000800000000)
  region size 1024K, 7 young (7168K), 7 survivors (7168K)
 Metaspace       used 28387K, capacity 29156K, committed 29184K, reserved 1075200K
  class space    used 3245K, capacity 3568K, committed 3584K, reserved 1048576K
}
Event: 2.731 GC heap before
{Heap before GC invocations=5 (full 0):
 garbage-first heap   total 260096K, used 103257K [0x0000000703e00000, 0x0000000800000000)
  region size 1024K, 99 young (101376K), 7 survivors (7168K)
 Metaspace       used 34710K, capacity 35717K, committed 35840K, reserved 1081344K
  class space    used 4069K, capacity 4473K, committed 4480K, reserved 1048576K
}
Event: 2.741 GC heap after
{Heap after GC invocations=6 (full 0):
 garbage-first heap   total 260096K, used 14220K [0x0000000703e00000, 0x0000000800000000)
  region size 1024K, 10 young (10240K), 10 survivors (10240K)
 Metaspace       used 34710K, capacity 35717K, committed 35840K, reserved 1081344K
  class space    used 4069K, capacity 4473K, committed 4480K, reserved 1048576K
}

Deoptimization events (10 events):
Event: 3.192 Thread 0x000002c673481800 Uncommon trap: reason=unstable_if action=reinterpret pc=0x000002c65d788ce4 method=java.util.jar.JarFile.getVersionedEntry(Ljava/lang/String;Ljava/util/jar/JarEntry;)Ljava/util/jar/JarEntry; @ 7 c2
Event: 3.256 Thread 0x000002c673481800 Uncommon trap: reason=null_check action=make_not_entrant pc=0x000002c65d811220 method=java.net.URL.getURLStreamHandler(Ljava/lang/String;)Ljava/net/URLStreamHandler; @ 7 c2
Event: 3.261 Thread 0x000002c673481800 Uncommon trap: reason=speculate_class_check action=maybe_recompile pc=0x000002c65d823d64 method=java.util.zip.InflaterInputStream.read([BII)I @ 100 c2
Event: 3.261 Thread 0x000002c673481800 Uncommon trap: reason=speculate_class_check action=maybe_recompile pc=0x000002c65d823d64 method=java.util.zip.InflaterInputStream.read([BII)I @ 100 c2
Event: 3.262 Thread 0x000002c673481800 Uncommon trap: reason=speculate_class_check action=maybe_recompile pc=0x000002c65d823d64 method=java.util.zip.InflaterInputStream.read([BII)I @ 100 c2
Event: 3.262 Thread 0x000002c673481800 Uncommon trap: reason=speculate_class_check action=maybe_recompile pc=0x000002c65d823d64 method=java.util.zip.InflaterInputStream.read([BII)I @ 100 c2
Event: 3.338 Thread 0x000002c673481800 Uncommon trap: reason=class_check action=maybe_recompile pc=0x000002c65d8caa38 method=org.springframework.core.ResolvableType.resolveType()Lorg/springframework/core/ResolvableType; @ 101 c2
Event: 3.346 Thread 0x000002c673481800 Uncommon trap: reason=unstable_if action=reinterpret pc=0x000002c65d8198dc method=java.util.concurrent.ConcurrentHashMap.get(Ljava/lang/Object;)Ljava/lang/Object; @ 152 c2
Event: 3.447 Thread 0x000002c677d26800 Uncommon trap: reason=unstable_if action=reinterpret pc=0x000002c65d947f44 method=java.net.URL.<init>(Ljava/net/URL;Ljava/lang/String;Ljava/net/URLStreamHandler;)V @ 57 c2
Event: 3.498 Thread 0x000002c67330d800 Uncommon trap: reason=unstable_if action=reinterpret pc=0x000002c65d94b5e4 method=java.lang.PublicMethods$MethodList.filter([Ljava/lang/reflect/Method;Ljava/lang/String;[Ljava/lang/Class;Z)Ljava/lang/PublicMethods$MethodList; @ 43 c2

Classes redefined (0 events):
No events

Internal exceptions (10 events):
Event: 3.256 Thread 0x000002c673481800 Implicit null exception at 0x000002c65d80f1dc to 0x000002c65d811212
Event: 3.309 Thread 0x000002c673481800 Exception <a 'java/io/FileNotFoundException'{0x000000070c0430e8}> (0x000000070c0430e8) thrown at [t:/workspace/open/src/hotspot/share/prims/jni.cpp, line 615]
Event: 3.327 Thread 0x000002c673481800 Exception <a 'java/lang/NoSuchMethodError'{0x000000070bf71258}: java.lang.invoke.DirectMethodHandle$Holder.invokeInterface(Ljava/lang/Object;Ljava/lang/Object;Ljava/lang/Object;Ljava/lang/Object;)I> (0x000000070bf71258) thrown at [t:/workspace/open/src/ho
Event: 3.406 Thread 0x000002c673481800 Exception <a 'java/io/FileNotFoundException'{0x000000070bb64598}> (0x000000070bb64598) thrown at [t:/workspace/open/src/hotspot/share/prims/jni.cpp, line 615]
Event: 3.431 Thread 0x000002c673481800 Exception <a 'java/lang/reflect/InvocationTargetException'{0x000000070b81bd88}> (0x000000070b81bd88) thrown at [t:/workspace/open/src/hotspot/share/runtime/reflection.cpp, line 1242]
Event: 3.433 Thread 0x000002c673481800 Exception <a 'java/lang/NoSuchMethodError'{0x000000070b82e7b8}: java.lang.invoke.DirectMethodHandle$Holder.invokeInterface(Ljava/lang/Object;Ljava/lang/Object;)V> (0x000000070b82e7b8) thrown at [t:/workspace/open/src/hotspot/share/interpreter/linkResolver
Event: 3.452 Thread 0x000002c678221800 Exception <a 'java/lang/InterruptedException'{0x000000070b600040}: sleep interrupted> (0x000000070b600040) thrown at [t:/workspace/open/src/hotspot/share/prims/jvm.cpp, line 3118]
Event: 3.477 Thread 0x000002c673481800 Exception <a 'java/lang/NoClassDefFoundError'{0x000000070b52a268}: javax/validation/ValidationException> (0x000000070b52a268) thrown at [t:/workspace/open/src/hotspot/share/classfile/systemDictionary.cpp, line 220]
Event: 3.478 Thread 0x000002c673481800 Exception <a 'java/lang/NoClassDefFoundError'{0x000000070b55e5d8}: liquibase/exception/ChangeLogParseException> (0x000000070b55e5d8) thrown at [t:/workspace/open/src/hotspot/share/classfile/systemDictionary.cpp, line 220]
Event: 3.496 Thread 0x000002c673481800 Exception <a 'java/lang/reflect/InvocationTargetException'{0x000000070b447838}> (0x000000070b447838) thrown at [t:/workspace/open/src/hotspot/share/runtime/reflection.cpp, line 1242]

Events (10 events):
Event: 3.499 loading class org/springframework/context/ConfigurableApplicationContext done
Event: 3.500 loading class org/springframework/context/ConfigurableApplicationContext
Event: 3.500 loading class org/springframework/context/ConfigurableApplicationContext done
Event: 3.500 loading class org/springframework/boot/SpringApplicationShutdownHook
Event: 3.500 loading class org/springframework/boot/SpringApplicationShutdownHook done
Event: 3.500 Thread 0x000002c67330d800 Thread exited: 0x000002c67330d800
Event: 3.500 loading class org/springframework/boot/SpringApplicationShutdownHook
Event: 3.500 loading class org/springframework/boot/SpringApplicationShutdownHook done
Event: 3.500 Thread 0x000002c673481800 Thread exited: 0x000002c673481800
Event: 3.502 Executing VM operation: Exit


Dynamic libraries:
0x00007ff67c900000 - 0x00007ff67c945000 	C:\Program Files\java\jdk-11\bin\java.exe
0x00007fffb7620000 - 0x00007fffb7829000 	C:\WINDOWS\SYSTEM32\ntdll.dll
0x00007fffb5fe0000 - 0x00007fffb609d000 	C:\WINDOWS\System32\KERNEL32.DLL
0x00007fffb4fa0000 - 0x00007fffb5319000 	C:\WINDOWS\System32\KERNELBASE.dll
0x00007fffb5c20000 - 0x00007fffb5dcc000 	C:\WINDOWS\System32\USER32.dll
0x00007fffb5480000 - 0x00007fffb54a6000 	C:\WINDOWS\System32\win32u.dll
0x00007fffb6f80000 - 0x00007fffb6fa9000 	C:\WINDOWS\System32\GDI32.dll
0x00007fffb4b00000 - 0x00007fffb4c12000 	C:\WINDOWS\System32\gdi32full.dll
0x00007fffb53e0000 - 0x00007fffb547d000 	C:\WINDOWS\System32\msvcp_win.dll
0x00007fffb4ca0000 - 0x00007fffb4db1000 	C:\WINDOWS\System32\ucrtbase.dll
0x00007fff90da0000 - 0x00007fff91045000 	C:\WINDOWS\WinSxS\amd64_microsoft.windows.common-controls_6595b64144ccf1df_6.0.22000.120_none_9d947278b86cc467\COMCTL32.dll
0x00007fffb5b60000 - 0x00007fffb5c03000 	C:\WINDOWS\System32\msvcrt.dll
0x00007fffb5b20000 - 0x00007fffb5b51000 	C:\WINDOWS\System32\IMM32.DLL
0x00007fffac1c0000 - 0x00007fffac1d6000 	C:\Program Files\java\jdk-11\bin\vcruntime140.dll
0x00007fff9ccf0000 - 0x00007fff9cd9a000 	C:\Program Files\java\jdk-11\bin\msvcp140.dll
0x00007fff3bb70000 - 0x00007fff3c6b1000 	C:\Program Files\java\jdk-11\bin\server\jvm.dll
0x00007fffb5600000 - 0x00007fffb56ae000 	C:\WINDOWS\System32\ADVAPI32.dll
0x00007fffb60a0000 - 0x00007fffb613e000 	C:\WINDOWS\System32\sechost.dll
0x00007fffb5ec0000 - 0x00007fffb5fe0000 	C:\WINDOWS\System32\RPCRT4.dll
0x00007fffb7440000 - 0x00007fffb7448000 	C:\WINDOWS\System32\PSAPI.DLL
0x00007fff92f20000 - 0x00007fff92f53000 	C:\WINDOWS\SYSTEM32\WINMM.dll
0x00007fffabb70000 - 0x00007fffabb7a000 	C:\WINDOWS\SYSTEM32\VERSION.dll
0x00007fff9dd90000 - 0x00007fff9dd99000 	C:\WINDOWS\SYSTEM32\WSOCK32.dll
0x00007fffb7450000 - 0x00007fffb74bf000 	C:\WINDOWS\System32\WS2_32.dll
0x00007fffb3bc0000 - 0x00007fffb3bd8000 	C:\WINDOWS\SYSTEM32\kernel.appcore.dll
0x00007fffa4b30000 - 0x00007fffa4b41000 	C:\Program Files\java\jdk-11\bin\verify.dll
0x00007fffb24f0000 - 0x00007fffb2711000 	C:\WINDOWS\SYSTEM32\DBGHELP.DLL
0x00007fffa4670000 - 0x00007fffa46a1000 	C:\WINDOWS\SYSTEM32\dbgcore.DLL
0x00007fffb4c20000 - 0x00007fffb4c9f000 	C:\WINDOWS\System32\bcryptPrimitives.dll
0x00007fffa3f60000 - 0x00007fffa3f88000 	C:\Program Files\java\jdk-11\bin\java.dll
0x00007fffa42f0000 - 0x00007fffa4306000 	C:\Program Files\java\jdk-11\bin\zip.dll
0x00007fffac0e0000 - 0x00007fffac0ea000 	C:\Program Files\java\jdk-11\bin\jimage.dll
0x00007fffb64e0000 - 0x00007fffb6c98000 	C:\WINDOWS\System32\SHELL32.dll
0x00007fffb2c30000 - 0x00007fffb3498000 	C:\WINDOWS\SYSTEM32\windows.storage.dll
0x00007fffb6150000 - 0x00007fffb64c9000 	C:\WINDOWS\System32\combase.dll
0x00007fffb2ac0000 - 0x00007fffb2c26000 	C:\WINDOWS\SYSTEM32\wintypes.dll
0x00007fffb6fb0000 - 0x00007fffb709a000 	C:\WINDOWS\System32\SHCORE.dll
0x00007fffb6e70000 - 0x00007fffb6ecd000 	C:\WINDOWS\System32\shlwapi.dll
0x00007fffb4a30000 - 0x00007fffb4a51000 	C:\WINDOWS\SYSTEM32\profapi.dll
0x00007fffa3e20000 - 0x00007fffa3e39000 	C:\Program Files\java\jdk-11\bin\net.dll
0x00007fffaf6c0000 - 0x00007fffaf7cc000 	C:\WINDOWS\SYSTEM32\WINHTTP.dll
0x00007fffb3fe0000 - 0x00007fffb4047000 	C:\WINDOWS\system32\mswsock.dll
0x00007fffa3cd0000 - 0x00007fffa3ce3000 	C:\Program Files\java\jdk-11\bin\nio.dll
0x00007fffac0a0000 - 0x00007fffac0a9000 	C:\Program Files\java\jdk-11\bin\management.dll
0x00007fffa3ee0000 - 0x00007fffa3eec000 	C:\Program Files\java\jdk-11\bin\management_ext.dll
0x00007fff45de0000 - 0x00007fff45df7000 	C:\WINDOWS\system32\napinsp.dll
0x00007fff45e00000 - 0x00007fff45e1b000 	C:\WINDOWS\system32\pnrpnsp.dll
0x00007fffb3720000 - 0x00007fffb3808000 	C:\WINDOWS\SYSTEM32\DNSAPI.dll
0x00007fffb36f0000 - 0x00007fffb371d000 	C:\WINDOWS\SYSTEM32\IPHLPAPI.DLL
0x00007fffb6140000 - 0x00007fffb6149000 	C:\WINDOWS\System32\NSI.dll
0x00007fff45e20000 - 0x00007fff45e32000 	C:\WINDOWS\System32\winrnr.dll
0x00007fffac380000 - 0x00007fffac395000 	C:\WINDOWS\system32\wshbth.dll
0x00007fff5cea0000 - 0x00007fff5cebf000 	C:\WINDOWS\system32\nlansp_c.dll
0x00007fffaf960000 - 0x00007fffaf96a000 	C:\Windows\System32\rasadhlp.dll
0x00007fffabf60000 - 0x00007fffabfe1000 	C:\WINDOWS\System32\fwpuclnt.dll
0x00007fffb42b0000 - 0x00007fffb42c8000 	C:\WINDOWS\SYSTEM32\CRYPTSP.dll
0x00007fffb3b20000 - 0x00007fffb3b55000 	C:\WINDOWS\system32\rsaenh.dll
0x00007fffb4080000 - 0x00007fffb40a9000 	C:\WINDOWS\SYSTEM32\USERENV.dll
0x00007fffb44e0000 - 0x00007fffb4507000 	C:\WINDOWS\SYSTEM32\bcrypt.dll
0x00007fffb41d0000 - 0x00007fffb41dc000 	C:\WINDOWS\SYSTEM32\CRYPTBASE.dll
0x00007fffaf970000 - 0x00007fffaf989000 	C:\WINDOWS\SYSTEM32\dhcpcsvc6.DLL
0x00007fffaf9a0000 - 0x00007fffaf9be000 	C:\WINDOWS\SYSTEM32\dhcpcsvc.DLL
0x00007fffa3e10000 - 0x00007fffa3e1d000 	C:\Program Files\java\jdk-11\bin\sunmscapi.dll
0x00007fffb4dc0000 - 0x00007fffb4f22000 	C:\WINDOWS\System32\CRYPT32.dll
0x00007fffb44b0000 - 0x00007fffb44d8000 	C:\WINDOWS\SYSTEM32\ncrypt.dll
0x00007fffb4470000 - 0x00007fffb44a7000 	C:\WINDOWS\SYSTEM32\NTASN1.dll
0x00007fffa3ca0000 - 0x00007fffa3cc7000 	C:\Program Files\java\jdk-11\bin\sunec.dll

dbghelp: loaded successfully - version: 4.0.5 - missing functions: none
symbol engine: initialized successfully - sym options: 0x614 - pdb path: .;C:\Program Files\java\jdk-11\bin;C:\WINDOWS\SYSTEM32;C:\WINDOWS\WinSxS\amd64_microsoft.windows.common-controls_6595b64144ccf1df_6.0.22000.120_none_9d947278b86cc467;C:\Program Files\java\jdk-11\bin\server

VM Arguments:
jvm_args: -Dcom.sun.management.jmxremote -Dcom.sun.management.jmxremote.port=64338 -Dcom.sun.management.jmxremote.authenticate=false -Dcom.sun.management.jmxremote.ssl=false -Djava.rmi.server.hostname=localhost -Dspring.application.admin.enabled=true -Dspring.jmx.enabled=true -Dspring.boot.project.name=amitravel 
java_command: com.amitravel.AmitravelApplication --spring.profiles.active=dev
java_class_path (initial): C:\Users\fredy\Documents\amitravel\target\classes;C:\Users\fredy\.m2\repository\org\springframework\boot\spring-boot-starter-web\2.7.1\spring-boot-starter-web-2.7.1.jar;C:\Users\fredy\.m2\repository\org\springframework\boot\spring-boot-starter\2.7.1\spring-boot-starter-2.7.1.jar;C:\Users\fredy\.m2\repository\org\springframework\boot\spring-boot-starter-logging\2.7.1\spring-boot-starter-logging-2.7.1.jar;C:\Users\fredy\.m2\repository\ch\qos\logback\logback-classic\1.2.11\logback-classic-1.2.11.jar;C:\Users\fredy\.m2\repository\ch\qos\logback\logback-core\1.2.11\logback-core-1.2.11.jar;C:\Users\fredy\.m2\repository\org\apache\logging\log4j\log4j-to-slf4j\2.17.2\log4j-to-slf4j-2.17.2.jar;C:\Users\fredy\.m2\repository\org\apache\logging\log4j\log4j-api\2.17.2\log4j-api-2.17.2.jar;C:\Users\fredy\.m2\repository\org\slf4j\jul-to-slf4j\1.7.36\jul-to-slf4j-1.7.36.jar;C:\Users\fredy\.m2\repository\jakarta\annotation\jakarta.annotation-api\1.3.5\jakarta.annotation-api-1.3.5.jar;C:\Users\fredy\.m2\repository\org\yaml\snakeyaml\1.30\snakeyaml-1.30.jar;C:\Users\fredy\.m2\repository\org\springframework\boot\spring-boot-starter-json\2.7.1\spring-boot-starter-json-2.7.1.jar;C:\Users\fredy\.m2\repository\com\fasterxml\jackson\datatype\jackson-datatype-jdk8\2.13.3\jackson-datatype-jdk8-2.13.3.jar;C:\Users\fredy\.m2\repository\com\fasterxml\jackson\datatype\jackson-datatype-jsr310\2.13.3\jackson-datatype-jsr310-2.13.3.jar;C:\Users\fredy\.m2\repository\com\fasterxml\jackson\module\jackson-module-parameter-names\2.13.3\jackson-module-parameter-names-2.13.3.jar;C:\Users\fredy\.m2\repository\org\springframework\boot\spring-boot-starter-tomcat\2.7.1\spring-boot-starter-tomcat-2.7.1.jar;C:\Users\fredy\.m2\repository\org\apache\tomcat\embed\tomcat-embed-core\9.0.64\tomcat-embed-core-9.0.64.jar;C:\Users\fredy\.m2\repository\org\apache\tomcat\embed\tomcat-embed-el\9.0.64\tomcat-embed-el-9.0.64.jar;C:\Users\fredy\.m2\repository\org\apache\tomcat\embed\tomcat-embed-we
Launcher Type: SUN_STANDARD

[Global flags]
     intx CICompilerCount                          = 4                                         {product} {ergonomic}
     uint ConcGCThreads                            = 2                                         {product} {ergonomic}
     uint G1ConcRefinementThreads                  = 8                                         {product} {ergonomic}
   size_t G1HeapRegionSize                         = 1048576                                   {product} {ergonomic}
    uintx GCDrainStackTargetSize                   = 64                                        {product} {ergonomic}
   size_t InitialHeapSize                          = 266338304                                 {product} {ergonomic}
     bool ManagementServer                         = true                                      {product} {command line}
   size_t MarkStackSize                            = 4194304                                   {product} {ergonomic}
   size_t MaxHeapSize                              = 4229955584                                {product} {ergonomic}
   size_t MaxNewSize                               = 2537553920                                {product} {ergonomic}
   size_t MinHeapDeltaBytes                        = 1048576                                   {product} {ergonomic}
    uintx NonNMethodCodeHeapSize                   = 5835340                                {pd product} {ergonomic}
    uintx NonProfiledCodeHeapSize                  = 122911450                              {pd product} {ergonomic}
    uintx ProfiledCodeHeapSize                     = 122911450                              {pd product} {ergonomic}
    uintx ReservedCodeCacheSize                    = 251658240                              {pd product} {ergonomic}
     bool SegmentedCodeCache                       = true                                      {product} {ergonomic}
     bool UseCompressedClassPointers               = true                                 {lp64_product} {ergonomic}
     bool UseCompressedOops                        = true                                 {lp64_product} {ergonomic}
     bool UseG1GC                                  = true                                      {product} {ergonomic}
     bool UseLargePagesIndividualAllocation        = false                                  {pd product} {ergonomic}

Logging:
Log output configuration:
 #0: stdout all=warning uptime,level,tags
 #1: stderr all=off uptime,level,tags

Environment Variables:
JAVA_HOME=C:\Program Files\java\jdk-11
PATH=C:\WINDOWS\system32;C:\WINDOWS;C:\WINDOWS\System32\Wbem;C:\WINDOWS\System32\WindowsPowerShell\v1.0\;C:\WINDOWS\System32\OpenSSH\;C:\Program Files\Microsoft VS Code\bin;C:\Program Files\nodejs\;C:\ProgramData\chocolatey\bin;C:\Program Files\Git\cmd;C:\Program Files\java\jdk-11\bin;C:\Users\fredy\AppData\Local\Microsoft\WindowsApps;C:\Users\fredy\AppData\Roaming\npm;C:\Users\fredy\AppData\Local\GitHubDesktop\bin
USERNAME=fredy
OS=Windows_NT
PROCESSOR_IDENTIFIER=Intel64 Family 6 Model 140 Stepping 1, GenuineIntel



---------------  S Y S T E M  ---------------

OS: Windows 10 , 64 bit Build 22000 (10.0.22000.708)

CPU:total 8 (initial active 8) (4 cores per cpu, 2 threads per core) family 6 model 140 stepping 1, cmov, cx8, fxsr, mmx, sse, sse2, sse3, ssse3, sse4.1, sse4.2, popcnt, avx, avx2, aes, clmul, erms, 3dnowpref, lzcnt, ht, tsc, tscinvbit, bmi1, bmi2, adx, sha, fma

Memory: 4k page, system-wide physical 16129M (7115M free)
TotalPageFile size 18561M (AvailPageFile size 6822M)
current process WorkingSet (physical memory assigned to process): 290M, peak: 295M
current process commit charge ("private bytes"): 447M, peak: 455M

vm_info: OpenJDK 64-Bit Server VM (11+28) for windows-amd64 JRE (11+28), built on Aug 23 2018 03:04:58 by "mach5one" with MS VC++ 15.5 (VS2017)

END.
